-------------------------------------------------------------------------------
Test set: com.example.parth.ParthApplicationTests
-------------------------------------------------------------------------------
Tests run: 1, Failures: 0, Errors: 1, Skipped: 0, Time elapsed: 11.176 s <<< FAILURE! - in com.example.parth.ParthApplicationTests
contextLoads  Time elapsed: 0.002 s  <<< ERROR!
java.lang.IllegalStateException: Failed to load ApplicationContext
Caused by: org.springframework.beans.factory.BeanCreationException: 
Error creating bean with name 'entityManagerFactory' defined in class path resource [org/springframework/boot/autoconfigure/orm/jpa/HibernateJpaConfiguration.class]: Initialization of bean failed; nested exception is org.springframework.jdbc.datasource.init.ScriptStatementFailedException: Failed to execute SQL script statement #1 of URL [file:/C:/Users/Parth/Downloads/parth/target/classes/data.sql]: insert into roles(name) values('ROLE_ADMIN'); nested exception is org.h2.jdbc.JdbcSQLIntegrityConstraintViolationException: NULL not allowed for column "ROLE_ID"; SQL statement:
insert into roles(name) values('ROLE_ADMIN') [23502-200]
Caused by: org.springframework.jdbc.datasource.init.ScriptStatementFailedException: 
Failed to execute SQL script statement #1 of URL [file:/C:/Users/Parth/Downloads/parth/target/classes/data.sql]: insert into roles(name) values('ROLE_ADMIN'); nested exception is org.h2.jdbc.JdbcSQLIntegrityConstraintViolationException: NULL not allowed for column "ROLE_ID"; SQL statement:
insert into roles(name) values('ROLE_ADMIN') [23502-200]
Caused by: org.h2.jdbc.JdbcSQLIntegrityConstraintViolationException: 
NULL not allowed for column "ROLE_ID"; SQL statement:
insert into roles(name) values('ROLE_ADMIN') [23502-200]

